{
  "stats": {
    "suites": 1,
    "tests": 2,
    "passes": 2,
    "pending": 0,
    "failures": 0,
    "start": "2025-08-20T14:56:10.042Z",
    "end": "2025-08-20T14:56:22.332Z",
    "duration": 12290,
    "testsRegistered": 2,
    "passPercent": 100,
    "pendingPercent": 0,
    "other": 0,
    "hasOther": false,
    "skipped": 0,
    "hasSkipped": false
  },
  "results": [
    {
      "uuid": "4c781cc0-5663-4f4d-8910-16eb7fcb9ca1",
      "title": "",
      "fullFile": "cypress/e2e/login/login.cy.ts",
      "file": "cypress/e2e/login/login.cy.ts",
      "beforeHooks": [],
      "afterHooks": [],
      "tests": [],
      "suites": [
        {
          "uuid": "22710ad7-4e16-449c-adde-0a884907a285",
          "title": "Login de Usuário",
          "fullFile": "",
          "file": "",
          "beforeHooks": [],
          "afterHooks": [],
          "tests": [
            {
              "title": "Deve logar com o usuário Sasuke",
              "fullTitle": "Login de Usuário Deve logar com o usuário Sasuke",
              "timedOut": null,
              "duration": 6790,
              "state": "passed",
              "speed": "medium",
              "pass": true,
              "fail": false,
              "pending": false,
              "context": null,
              "code": "loginPage.visitar();\nloginPage.preencherFormulario(usuarios_json_1.default);\nloginPage.enviar();\nloginPage.validarLoginSucesso();",
              "err": {},
              "uuid": "0d4193ec-4aca-4efd-a99d-fde1957fde59",
              "parentUUID": "22710ad7-4e16-449c-adde-0a884907a285",
              "isHook": false,
              "skipped": false
            },
            {
              "title": "Deve exibir erro ao tentar logar com senha inválida",
              "fullTitle": "Login de Usuário Deve exibir erro ao tentar logar com senha inválida",
              "timedOut": null,
              "duration": 5335,
              "state": "passed",
              "speed": "medium",
              "pass": true,
              "fail": false,
              "pending": false,
              "context": null,
              "code": "const usuarioInvalido = { email: usuarios_json_1.default.email, senha: 'senhaErrada' };\nloginPage.visitar();\nloginPage.preencherFormulario(usuarioInvalido);\nloginPage.enviar();\nloginPage.validarLoginFalha();",
              "err": {},
              "uuid": "5a9b3a96-7edc-4ac9-aede-29c798c0bfef",
              "parentUUID": "22710ad7-4e16-449c-adde-0a884907a285",
              "isHook": false,
              "skipped": false
            }
          ],
          "suites": [],
          "passes": [
            "0d4193ec-4aca-4efd-a99d-fde1957fde59",
            "5a9b3a96-7edc-4ac9-aede-29c798c0bfef"
          ],
          "failures": [],
          "pending": [],
          "skipped": [],
          "duration": 12125,
          "root": false,
          "rootEmpty": false,
          "_timeout": 2000
        }
      ],
      "passes": [],
      "failures": [],
      "pending": [],
      "skipped": [],
      "duration": 0,
      "root": true,
      "rootEmpty": true,
      "_timeout": 2000
    }
  ],
  "meta": {
    "mocha": {
      "version": "7.2.0"
    },
    "mochawesome": {
      "options": {
        "quiet": false,
        "reportFilename": "mochawesome",
        "saveHtml": false,
        "saveJson": true,
        "consoleReporter": "spec",
        "useInlineDiffs": false,
        "code": true
      },
      "version": "7.1.3"
    },
    "marge": {
      "options": {
        "reportDir": "cypress/reports",
        "overwrite": false,
        "html": false,
        "json": true
      },
      "version": "6.2.0"
    }
  }
}