{
  "stats": {
    "suites": 1,
    "tests": 4,
    "passes": 2,
    "pending": 0,
    "failures": 2,
    "start": "2025-08-20T14:54:24.130Z",
    "end": "2025-08-20T14:55:21.353Z",
    "duration": 57223,
    "testsRegistered": 4,
    "passPercent": 50,
    "pendingPercent": 0,
    "other": 0,
    "hasOther": false,
    "skipped": 0,
    "hasSkipped": false
  },
  "results": [
    {
      "uuid": "a3ef3adc-f334-4ace-9851-2996f3e3aa5a",
      "title": "",
      "fullFile": "cypress/e2e/carrinho/carrinho.cy.ts",
      "file": "cypress/e2e/carrinho/carrinho.cy.ts",
      "beforeHooks": [],
      "afterHooks": [],
      "tests": [],
      "suites": [
        {
          "uuid": "f0fcb267-0e78-41cf-8c35-b836a21e2985",
          "title": "Fluxo de adicionar ao carrinho",
          "fullFile": "",
          "file": "",
          "beforeHooks": [],
          "afterHooks": [],
          "tests": [
            {
              "title": "Adicionar ao carrinho",
              "fullTitle": "Fluxo de adicionar ao carrinho Adicionar ao carrinho",
              "timedOut": null,
              "duration": 10574,
              "state": "passed",
              "speed": "slow",
              "pass": true,
              "fail": false,
              "pending": false,
              "context": null,
              "code": "const produto = produtos[0];\ncarrinhoPage.visitarProduto(produto.url);\ncarrinhoPage.adicionarAoCarrinho();\ncarrinhoPage.abrirCarrinho();\ncarrinhoPage.validarProdutoNoCarrinho(produto.nome);",
              "err": {},
              "uuid": "8f977a8d-47cf-430c-862a-82cf4cf29c43",
              "parentUUID": "f0fcb267-0e78-41cf-8c35-b836a21e2985",
              "isHook": false,
              "skipped": false
            },
            {
              "title": "Listagem de produtos",
              "fullTitle": "Fluxo de adicionar ao carrinho Listagem de produtos",
              "timedOut": null,
              "duration": 19199,
              "state": "failed",
              "speed": null,
              "pass": false,
              "fail": true,
              "pending": false,
              "context": null,
              "code": "const produto = produtos[2];\ncarrinhoPage.visitarCategoria('yoga-new');\ncarrinhoPage.adicionarDaListagem(produto.nome);\ncarrinhoPage.abrirCarrinho();\ncarrinhoPage.validarProdutoNoCarrinho(produto.nome);",
              "err": {
                "message": "AssertionError: Timed out retrying after 10000ms: expected '<ol#mini-cart.minicart-items>' to contain text 'Rival Field Messenger', but the text was '\\n                \\n\\n    \\n        \\n        \\n            \\n                \\n\\n    \\n        \\n    \\n\\n\\n            \\n        \\n        \\n        \\n\\n        \\n            \\n                \\n                Affirm Water Bottle \\n                \\n                \\n            \\n\\n            \\n\\n            \\n                \\n                \\n                \\n                    \\n\\n  \\n\\n    \\n            \\n            $7.00        \\n\\n        \\n\\n\\n\\n                \\n                \\n\\n                \\n                    Qty\\n                    \\n                    \\n                        Update\\n                    \\n                \\n            \\n\\n            \\n                \\n                \\n                    \\n                        Edit\\n                    \\n                \\n                \\n                \\n                    \\n                        Remove\\n                    \\n                \\n            \\n        \\n    \\n    \\n\\n\\n            '",
                "estack": "AssertionError: Timed out retrying after 10000ms: expected '<ol#mini-cart.minicart-items>' to contain text 'Rival Field Messenger', but the text was '\\n                \\n\\n    \\n        \\n        \\n            \\n                \\n\\n    \\n        \\n    \\n\\n\\n            \\n        \\n        \\n        \\n\\n        \\n            \\n                \\n                Affirm Water Bottle \\n                \\n                \\n            \\n\\n            \\n\\n            \\n                \\n                \\n                \\n                    \\n\\n  \\n\\n    \\n            \\n            $7.00        \\n\\n        \\n\\n\\n\\n                \\n                \\n\\n                \\n                    Qty\\n                    \\n                    \\n                        Update\\n                    \\n                \\n            \\n\\n            \\n                \\n                \\n                    \\n                        Edit\\n                    \\n                \\n                \\n                \\n                    \\n                        Remove\\n                    \\n                \\n            \\n        \\n    \\n    \\n\\n\\n            '\n    at CarrinhoPage.validarProdutoNoCarrinho (webpack://projeto-cypress/./cypress/page-objects/CarrinhoPage.ts:36:32)\n    at Context.eval (webpack://projeto-cypress/./cypress/e2e/carrinho/carrinho.cy.ts:37:17)",
                "diff": "- '\\n                \\n\\n    \\n        \\n        \\n            \\n                \\n\\n    \\n        \\n    \\n\\n\\n            \\n        \\n        \\n        \\n\\n        \\n            \\n                \\n                Affirm Water Bottle \\n                \\n                \\n            \\n\\n            \\n\\n            \\n                \\n                \\n                \\n                    \\n\\n  \\n\\n    \\n            \\n            $7.00        \\n\\n        \\n\\n\\n\\n                \\n                \\n\\n                \\n                    Qty\\n                    \\n                    \\n                        Update\\n                    \\n                \\n            \\n\\n            \\n                \\n                \\n                    \\n                        Edit\\n                    \\n                \\n                \\n                \\n                    \\n                        Remove\\n                    \\n                \\n            \\n        \\n    \\n    \\n\\n\\n            '\n+ 'Rival Field Messenger'\n"
              },
              "uuid": "7d64e38c-e492-476c-a65c-ebbccf31a5c7",
              "parentUUID": "f0fcb267-0e78-41cf-8c35-b836a21e2985",
              "isHook": false,
              "skipped": false
            },
            {
              "title": "Busca de produto",
              "fullTitle": "Fluxo de adicionar ao carrinho Busca de produto",
              "timedOut": null,
              "duration": 18582,
              "state": "failed",
              "speed": null,
              "pass": false,
              "fail": true,
              "pending": false,
              "context": null,
              "code": "const produto = produtos[2];\ncarrinhoPage.buscarProduto(produto.nome);\ncarrinhoPage.adicionarDaListagem(produto.nome);\ncarrinhoPage.abrirCarrinho();\ncarrinhoPage.validarProdutoNoCarrinho(produto.nome);",
              "err": {
                "message": "AssertionError: Timed out retrying after 10000ms: expected '<ol#mini-cart.minicart-items>' to contain text 'Rival Field Messenger', but the text was '\\n                \\n\\n    \\n        \\n        \\n            \\n                \\n\\n    \\n        \\n    \\n\\n\\n            \\n        \\n        \\n        \\n\\n        \\n            \\n                \\n                Affirm Water Bottle \\n                \\n                \\n            \\n\\n            \\n\\n            \\n                \\n                \\n                \\n                    \\n\\n  \\n\\n    \\n            \\n            $7.00        \\n\\n        \\n\\n\\n\\n                \\n                \\n\\n                \\n                    Qty\\n                    \\n                    \\n                        Update\\n                    \\n                \\n            \\n\\n            \\n                \\n                \\n                    \\n                        Edit\\n                    \\n                \\n                \\n                \\n                    \\n                        Remove\\n                    \\n                \\n            \\n        \\n    \\n    \\n\\n\\n            '",
                "estack": "AssertionError: Timed out retrying after 10000ms: expected '<ol#mini-cart.minicart-items>' to contain text 'Rival Field Messenger', but the text was '\\n                \\n\\n    \\n        \\n        \\n            \\n                \\n\\n    \\n        \\n    \\n\\n\\n            \\n        \\n        \\n        \\n\\n        \\n            \\n                \\n                Affirm Water Bottle \\n                \\n                \\n            \\n\\n            \\n\\n            \\n                \\n                \\n                \\n                    \\n\\n  \\n\\n    \\n            \\n            $7.00        \\n\\n        \\n\\n\\n\\n                \\n                \\n\\n                \\n                    Qty\\n                    \\n                    \\n                        Update\\n                    \\n                \\n            \\n\\n            \\n                \\n                \\n                    \\n                        Edit\\n                    \\n                \\n                \\n                \\n                    \\n                        Remove\\n                    \\n                \\n            \\n        \\n    \\n    \\n\\n\\n            '\n    at CarrinhoPage.validarProdutoNoCarrinho (webpack://projeto-cypress/./cypress/page-objects/CarrinhoPage.ts:36:32)\n    at Context.eval (webpack://projeto-cypress/./cypress/e2e/carrinho/carrinho.cy.ts:45:17)",
                "diff": "- '\\n                \\n\\n    \\n        \\n        \\n            \\n                \\n\\n    \\n        \\n    \\n\\n\\n            \\n        \\n        \\n        \\n\\n        \\n            \\n                \\n                Affirm Water Bottle \\n                \\n                \\n            \\n\\n            \\n\\n            \\n                \\n                \\n                \\n                    \\n\\n  \\n\\n    \\n            \\n            $7.00        \\n\\n        \\n\\n\\n\\n                \\n                \\n\\n                \\n                    Qty\\n                    \\n                    \\n                        Update\\n                    \\n                \\n            \\n\\n            \\n                \\n                \\n                    \\n                        Edit\\n                    \\n                \\n                \\n                \\n                    \\n                        Remove\\n                    \\n                \\n            \\n        \\n    \\n    \\n\\n\\n            '\n+ 'Rival Field Messenger'\n"
              },
              "uuid": "56ffe04c-8c4d-47e1-b7aa-af340f78019e",
              "parentUUID": "f0fcb267-0e78-41cf-8c35-b836a21e2985",
              "isHook": false,
              "skipped": false
            },
            {
              "title": "Adicionar ao carrinho com seleção de tamanho e cor",
              "fullTitle": "Fluxo de adicionar ao carrinho Adicionar ao carrinho com seleção de tamanho e cor",
              "timedOut": null,
              "duration": 8457,
              "state": "passed",
              "speed": "medium",
              "pass": true,
              "fail": false,
              "pending": false,
              "context": null,
              "code": "const produto = produtos[3];\ncarrinhoPage.visitarProduto(produto.url);\ncarrinhoPage.selecionarOpcao(produto.opcoes.tamanho[0]);\ncarrinhoPage.selecionarOpcao(produto.opcoes.cor[0]);\ncarrinhoPage.adicionarAoCarrinho();\ncarrinhoPage.abrirCarrinho();\ncarrinhoPage.validarProdutoNoCarrinho(produto.nome);",
              "err": {},
              "uuid": "9978f33e-dc1c-46e7-acf6-44ca91d3cc74",
              "parentUUID": "f0fcb267-0e78-41cf-8c35-b836a21e2985",
              "isHook": false,
              "skipped": false
            }
          ],
          "suites": [],
          "passes": [
            "8f977a8d-47cf-430c-862a-82cf4cf29c43",
            "9978f33e-dc1c-46e7-acf6-44ca91d3cc74"
          ],
          "failures": [
            "7d64e38c-e492-476c-a65c-ebbccf31a5c7",
            "56ffe04c-8c4d-47e1-b7aa-af340f78019e"
          ],
          "pending": [],
          "skipped": [],
          "duration": 56812,
          "root": false,
          "rootEmpty": false,
          "_timeout": 2000
        }
      ],
      "passes": [],
      "failures": [],
      "pending": [],
      "skipped": [],
      "duration": 0,
      "root": true,
      "rootEmpty": true,
      "_timeout": 2000
    }
  ],
  "meta": {
    "mocha": {
      "version": "7.2.0"
    },
    "mochawesome": {
      "options": {
        "quiet": false,
        "reportFilename": "mochawesome",
        "saveHtml": false,
        "saveJson": true,
        "consoleReporter": "spec",
        "useInlineDiffs": false,
        "code": true
      },
      "version": "7.1.3"
    },
    "marge": {
      "options": {
        "reportDir": "cypress/reports",
        "overwrite": false,
        "html": false,
        "json": true
      },
      "version": "6.2.0"
    }
  }
}